<?xml version="1.0" encoding="UTF-8"?>
<testsuite xmlns:xsi="http://www.w3.org/2001/XMLSchema-instance" xsi:noNamespaceSchemaLocation="https://maven.apache.org/surefire/maven-surefire-plugin/xsd/surefire-test-report-3.0.xsd" version="3.0" name="io.jenkins.plugins.grading.AggregatedScoreXmlStreamTest" time="12.553" tests="2" errors="0" skipped="0" failures="0">
  <properties>
    <property name="sun.desktop" value="gnome"/>
    <property name="awt.toolkit" value="sun.awt.X11.XToolkit"/>
    <property name="hudson.udp" value="-1"/>
    <property name="file.encoding.pkg" value="sun.io"/>
    <property name="java.specification.version" value="1.8"/>
    <property name="sun.cpu.isalist" value=""/>
    <property name="sun.jnu.encoding" value="UTF-8"/>
    <property name="java.class.path" value="/home/osboxes/Documents/Testen/warnings-ng-plugin-devenv/thogro/autograding-plugin/target/test-classes:/home/osboxes/Documents/Testen/warnings-ng-plugin-devenv/thogro/autograding-plugin/target/classes:/home/osboxes/.m2/repository/io/jenkins/plugins/plugin-util-api/1.2.0/plugin-util-api-1.2.0.jar:/home/osboxes/.m2/repository/edu/hm/hafner/codingstyle/1.1.0/codingstyle-1.1.0.jar:/home/osboxes/.m2/repository/org/apache/commons/commons-lang3/3.10/commons-lang3-3.10.jar:/home/osboxes/.m2/repository/org/jenkins-ci/plugins/junit/1.28/junit-1.28.jar:/home/osboxes/.m2/repository/org/jenkins-ci/plugins/structs/1.20/structs-1.20.jar:/home/osboxes/.m2/repository/org/jenkins-ci/plugins/workflow/workflow-step-api/2.22/workflow-step-api-2.22.jar:/home/osboxes/.m2/repository/org/jenkins-ci/plugins/script-security/1.71/script-security-1.71.jar:/home/osboxes/.m2/repository/org/kohsuke/groovy-sandbox/1.26/groovy-sandbox-1.26.jar:/home/osboxes/.m2/repository/com/github/ben-manes/caffeine/caffeine/2.7.0/caffeine-2.7.0.jar:/home/osboxes/.m2/repository/org/checkerframework/checker-qual/2.6.0/checker-qual-2.6.0.jar:/home/osboxes/.m2/repository/org/jenkins-ci/plugins/pitmutation/1.0-17/pitmutation-1.0-17.jar:/home/osboxes/.m2/repository/org/apache/commons/commons-digester3/3.2/commons-digester3-3.2.jar:/home/osboxes/.m2/repository/cglib/cglib/2.2.2/cglib-2.2.2.jar:/home/osboxes/.m2/repository/asm/asm/3.3.1/asm-3.3.1.jar:/home/osboxes/.m2/repository/io/jenkins/plugins/code-coverage-api/1.1.4/code-coverage-api-1.1.4.jar:/home/osboxes/.m2/repository/org/jenkins-ci/plugins/scm-api/2.6.3/scm-api-2.6.3.jar:/home/osboxes/.m2/repository/org/jenkins-ci/plugins/branch-api/2.5.5/branch-api-2.5.5.jar:/home/osboxes/.m2/repository/org/jenkins-ci/plugins/cloudbees-folder/6.12/cloudbees-folder-6.12.jar:/home/osboxes/.m2/repository/net/sf/trove4j/trove4j/3.0.3/trove4j-3.0.3.jar:/home/osboxes/.m2/repository/net/sf/saxon/Saxon-HE/9.9.1-4/Saxon-HE-9.9.1-4.jar:/home/osboxes/.m2/repository/org/jenkins-ci/plugins/jackson2-api/2.8.11.3/jackson2-api-2.8.11.3.jar:/home/osboxes/.m2/repository/com/fasterxml/jackson/datatype/jackson-datatype-jsr310/2.8.11/jackson-datatype-jsr310-2.8.11.jar:/home/osboxes/.m2/repository/com/fasterxml/jackson/module/jackson-module-jaxb-annotations/2.8.11/jackson-module-jaxb-annotations-2.8.11.jar:/home/osboxes/.m2/repository/io/jenkins/plugins/font-awesome-api/5.12.0-7/font-awesome-api-5.12.0-7.jar:/home/osboxes/.m2/repository/com/j2html/j2html/1.4.0/j2html-1.4.0.jar:/home/osboxes/.m2/repository/io/jenkins/plugins/bootstrap4-api/4.4.1-10/bootstrap4-api-4.4.1-10.jar:/home/osboxes/.m2/repository/io/jenkins/plugins/popper-api/1.16.0-6/popper-api-1.16.0-6.jar:/home/osboxes/.m2/repository/io/jenkins/plugins/jquery3-api/3.4.1-10/jquery3-api-3.4.1-10.jar:/home/osboxes/.m2/repository/io/jenkins/plugins/echarts-api/4.6.0-9/echarts-api-4.6.0-9.jar:/home/osboxes/.m2/repository/edu/hm/hafner/echarts-build-trends/1.1.0/echarts-build-trends-1.1.0.jar:/home/osboxes/.m2/repository/io/jenkins/plugins/data-tables-api/1.10.20-14/data-tables-api-1.10.20-14.jar:/home/osboxes/.m2/repository/com/fasterxml/jackson/core/jackson-databind/2.9.10.3/jackson-databind-2.9.10.3.jar:/home/osboxes/.m2/repository/com/fasterxml/jackson/core/jackson-annotations/2.9.10/jackson-annotations-2.9.10.jar:/home/osboxes/.m2/repository/com/fasterxml/jackson/core/jackson-core/2.9.10/jackson-core-2.9.10.jar:/home/osboxes/.m2/repository/io/jenkins/plugins/warnings-ng/8.1.0/warnings-ng-8.1.0.jar:/home/osboxes/.m2/repository/org/eclipse/collections/eclipse-collections-api/9.2.0/eclipse-collections-api-9.2.0.jar:/home/osboxes/.m2/repository/org/eclipse/collections/eclipse-collections/9.2.0/eclipse-collections-9.2.0.jar:/home/osboxes/.m2/repository/commons-io/commons-io/2.6/commons-io-2.6.jar:/home/osboxes/.m2/repository/org/apache/commons/commons-text/1.8/commons-text-1.8.jar:/home/osboxes/.m2/repository/net/minidev/json-smart/2.3/json-smart-2.3.jar:/home/osboxes/.m2/repository/net/minidev/accessors-smart/1.2/accessors-smart-1.2.jar:/home/osboxes/.m2/repository/net/sourceforge/pmd/pmd-core/6.21.0/pmd-core-6.21.0.jar:/home/osboxes/.m2/repository/org/antlr/antlr4-runtime/4.7/antlr4-runtime-4.7.jar:/home/osboxes/.m2/repository/com/beust/jcommander/1.72/jcommander-1.72.jar:/home/osboxes/.m2/repository/net/java/dev/javacc/javacc/5.0/javacc-5.0.jar:/home/osboxes/.m2/repository/com/google/code/gson/gson/2.8.5/gson-2.8.5.jar:/home/osboxes/.m2/repository/net/sourceforge/pmd/pmd-java/6.21.0/pmd-java-6.21.0.jar:/home/osboxes/.m2/repository/io/jenkins/plugins/analysis-model-api/8.0.1/analysis-model-api-8.0.1.jar:/home/osboxes/.m2/repository/edu/hm/hafner/analysis-model/8.0.1/analysis-model-8.0.1.jar:/home/osboxes/.m2/repository/se/bjurr/violations/violations-lib/1.110/violations-lib-1.110.jar:/home/osboxes/.m2/repository/org/jvnet/hudson/plugins/findbugs/library/6.0.3/library-6.0.3.jar:/home/osboxes/.m2/repository/org/json/json/20190722/json-20190722.jar:/home/osboxes/.m2/repository/org/jenkins-ci/plugins/antisamy-markup-formatter/1.5/antisamy-markup-formatter-1.5.jar:/home/osboxes/.m2/repository/org/kohsuke/owasp-html-sanitizer/r88/owasp-html-sanitizer-r88.jar:/home/osboxes/.m2/repository/org/jenkins-ci/plugins/credentials/2.3.5/credentials-2.3.5.jar:/home/osboxes/.m2/repository/org/jenkins-ci/plugins/apache-httpcomponents-client-4-api/4.5.10-2.0/apache-httpcomponents-client-4-api-4.5.10-2.0.jar:/home/osboxes/.m2/repository/org/apache/httpcomponents/httpclient/4.5.10/httpclient-4.5.10.jar:/home/osboxes/.m2/repository/org/apache/httpcomponents/httpcore/4.4.12/httpcore-4.4.12.jar:/home/osboxes/.m2/repository/org/apache/httpcomponents/httpmime/4.5.10/httpmime-4.5.10.jar:/home/osboxes/.m2/repository/org/apache/httpcomponents/fluent-hc/4.5.10/fluent-hc-4.5.10.jar:/home/osboxes/.m2/repository/org/apache/httpcomponents/httpclient-cache/4.5.10/httpclient-cache-4.5.10.jar:/home/osboxes/.m2/repository/org/apache/httpcomponents/httpasyncclient/4.1.4/httpasyncclient-4.1.4.jar:/home/osboxes/.m2/repository/org/apache/httpcomponents/httpcore-nio/4.4.10/httpcore-nio-4.4.10.jar:/home/osboxes/.m2/repository/org/apache/httpcomponents/httpasyncclient-cache/4.1.4/httpasyncclient-cache-4.1.4.jar:/home/osboxes/.m2/repository/io/jenkins/plugins/forensics-api/0.7.0/forensics-api-0.7.0.jar:/home/osboxes/.m2/repository/org/jenkins-ci/plugins/workflow/workflow-api/2.40/workflow-api-2.40.jar:/home/osboxes/.m2/repository/org/jenkins-ci/plugins/workflow/workflow-cps/2.80/workflow-cps-2.80.jar:/home/osboxes/.m2/repository/org/jenkins-ci/plugins/workflow/workflow-support/3.4/workflow-support-3.4.jar:/home/osboxes/.m2/repository/org/jboss/marshalling/jboss-marshalling-river/2.0.6.Final/jboss-marshalling-river-2.0.6.Final.jar:/home/osboxes/.m2/repository/org/jboss/marshalling/jboss-marshalling/2.0.6.Final/jboss-marshalling-2.0.6.Final.jar:/home/osboxes/.m2/repository/org/jenkins-ci/plugins/workflow/workflow-scm-step/2.9/workflow-scm-step-2.9.jar:/home/osboxes/.m2/repository/com/cloudbees/groovy-cps/1.32/groovy-cps-1.32.jar:/home/osboxes/.m2/repository/org/jenkins-ci/ui/jquery-detached/1.2.1/jquery-detached-1.2.1.jar:/home/osboxes/.m2/repository/org/jenkins-ci/ui/ace-editor/1.1/ace-editor-1.1.jar:/home/osboxes/.m2/repository/com/cloudbees/diff4j/1.2/diff4j-1.2.jar:/home/osboxes/.m2/repository/org/jenkins-ci/plugins/workflow/workflow-job/2.38/workflow-job-2.38.jar:/home/osboxes/.m2/repository/org/jenkins-ci/plugins/pipeline-stage-step/2.3/pipeline-stage-step-2.3.jar:/home/osboxes/.m2/repository/org/jenkins-ci/plugins/workflow/workflow-durable-task-step/2.35/workflow-durable-task-step-2.35.jar:/home/osboxes/.m2/repository/org/jenkins-ci/plugins/durable-task/1.34/durable-task-1.34.jar:/home/osboxes/.m2/repository/org/jenkins-ci/plugins/workflow/workflow-basic-steps/2.19/workflow-basic-steps-2.19.jar:/home/osboxes/.m2/repository/org/jenkins-ci/plugins/mailer/1.32/mailer-1.32.jar:/home/osboxes/.m2/repository/org/jenkins-ci/plugins/display-url-api/2.3.2/display-url-api-2.3.2.jar:/home/osboxes/.m2/repository/io/jenkins/plugins/plugin-util-api/1.2.0/plugin-util-api-1.2.0-tests.jar:/home/osboxes/.m2/repository/com/github/spotbugs/spotbugs-annotations/4.0.2/spotbugs-annotations-4.0.2.jar:/home/osboxes/.m2/repository/com/google/code/findbugs/jsr305/3.0.2/jsr305-3.0.2.jar:/home/osboxes/.m2/repository/com/google/errorprone/error_prone_annotations/2.3.4/error_prone_annotations-2.3.4.jar:/home/osboxes/.m2/repository/org/junit/jupiter/junit-jupiter-api/5.6.2/junit-jupiter-api-5.6.2.jar:/home/osboxes/.m2/repository/org/apiguardian/apiguardian-api/1.1.0/apiguardian-api-1.1.0.jar:/home/osboxes/.m2/repository/org/opentest4j/opentest4j/1.2.0/opentest4j-1.2.0.jar:/home/osboxes/.m2/repository/org/junit/platform/junit-platform-commons/1.6.2/junit-platform-commons-1.6.2.jar:/home/osboxes/.m2/repository/org/junit/jupiter/junit-jupiter-engine/5.6.2/junit-jupiter-engine-5.6.2.jar:/home/osboxes/.m2/repository/org/junit/platform/junit-platform-engine/1.6.2/junit-platform-engine-1.6.2.jar:/home/osboxes/.m2/repository/org/junit/vintage/junit-vintage-engine/5.6.2/junit-vintage-engine-5.6.2.jar:/home/osboxes/.m2/repository/org/junit/platform/junit-platform-launcher/1.6.2/junit-platform-launcher-1.6.2.jar:/home/osboxes/.m2/repository/org/junit/jupiter/junit-jupiter-params/5.6.2/junit-jupiter-params-5.6.2.jar:/home/osboxes/.m2/repository/junit/junit/4.13/junit-4.13.jar:/home/osboxes/.m2/repository/org/hamcrest/hamcrest-core/2.2/hamcrest-core-2.2.jar:/home/osboxes/.m2/repository/org/mockito/mockito-core/3.3.3/mockito-core-3.3.3.jar:/home/osboxes/.m2/repository/net/bytebuddy/byte-buddy/1.10.5/byte-buddy-1.10.5.jar:/home/osboxes/.m2/repository/net/bytebuddy/byte-buddy-agent/1.10.5/byte-buddy-agent-1.10.5.jar:/home/osboxes/.m2/repository/org/objenesis/objenesis/3.1/objenesis-3.1.jar:/home/osboxes/.m2/repository/org/assertj/assertj-core/3.15.0/assertj-core-3.15.0.jar:/home/osboxes/.m2/repository/com/tngtech/archunit/archunit-junit5-api/0.13.1/archunit-junit5-api-0.13.1.jar:/home/osboxes/.m2/repository/com/tngtech/archunit/archunit/0.13.1/archunit-0.13.1.jar:/home/osboxes/.m2/repository/org/slf4j/slf4j-api/1.7.30/slf4j-api-1.7.30.jar:/home/osboxes/.m2/repository/com/tngtech/archunit/archunit-junit5-engine/0.13.1/archunit-junit5-engine-0.13.1.jar:/home/osboxes/.m2/repository/com/tngtech/archunit/archunit-junit5-engine-api/0.13.1/archunit-junit5-engine-api-0.13.1.jar:/home/osboxes/.m2/repository/net/javacrumbs/json-unit/json-unit-assertj/2.17.0/json-unit-assertj-2.17.0.jar:/home/osboxes/.m2/repository/net/javacrumbs/json-unit/json-unit-core/2.17.0/json-unit-core-2.17.0.jar:/home/osboxes/.m2/repository/net/javacrumbs/json-unit/json-unit-json-path/2.17.0/json-unit-json-path-2.17.0.jar:/home/osboxes/.m2/repository/com/jayway/jsonpath/json-path/2.4.0/json-path-2.4.0.jar:/home/osboxes/.m2/repository/org/jenkins-ci/main/jenkins-core/2.204.4/jenkins-core-2.204.4.jar:/home/osboxes/.m2/repository/org/jenkins-ci/plugins/icon-shim/icon-set/1.0.5/icon-set-1.0.5.jar:/home/osboxes/.m2/repository/org/jenkins-ci/main/remoting/3.36.1/remoting-3.36.1.jar:/home/osboxes/.m2/repository/org/jenkins-ci/constant-pool-scanner/1.2/constant-pool-scanner-1.2.jar:/home/osboxes/.m2/repository/org/jenkins-ci/main/cli/2.204.4/cli-2.204.4.jar:/home/osboxes/.m2/repository/net/i2p/crypto/eddsa/0.3.0/eddsa-0.3.0.jar:/home/osboxes/.m2/repository/org/jenkins-ci/version-number/1.6/version-number-1.6.jar:/home/osboxes/.m2/repository/com/google/code/findbugs/annotations/3.0.0/annotations-3.0.0.jar:/home/osboxes/.m2/repository/org/jenkins-ci/crypto-util/1.1/crypto-util-1.1.jar:/home/osboxes/.m2/repository/org/jvnet/hudson/jtidy/4aug2000r7-dev-hudson-1/jtidy-4aug2000r7-dev-hudson-1.jar:/home/osboxes/.m2/repository/com/google/inject/guice/4.0/guice-4.0.jar:/home/osboxes/.m2/repository/javax/inject/javax.inject/1/javax.inject-1.jar:/home/osboxes/.m2/repository/aopalliance/aopalliance/1.0/aopalliance-1.0.jar:/home/osboxes/.m2/repository/org/connectbot/jbcrypt/jbcrypt/1.0.0/jbcrypt-1.0.0.jar:/home/osboxes/.m2/repository/org/jruby/ext/posix/jna-posix/1.0.3-jenkins-1/jna-posix-1.0.3-jenkins-1.jar:/home/osboxes/.m2/repository/com/github/jnr/jnr-posix/3.0.45/jnr-posix-3.0.45.jar:/home/osboxes/.m2/repository/com/github/jnr/jnr-ffi/2.1.8/jnr-ffi-2.1.8.jar:/home/osboxes/.m2/repository/com/github/jnr/jffi/1.2.17/jffi-1.2.17.jar:/home/osboxes/.m2/repository/com/github/jnr/jffi/1.2.16/jffi-1.2.16-native.jar:/home/osboxes/.m2/repository/org/ow2/asm/asm/5.0.4/asm-5.0.4.jar:/home/osboxes/.m2/repository/org/ow2/asm/asm-commons/5.0.3/asm-commons-5.0.3.jar:/home/osboxes/.m2/repository/org/ow2/asm/asm-analysis/5.0.3/asm-analysis-5.0.3.jar:/home/osboxes/.m2/repository/org/ow2/asm/asm-tree/5.0.3/asm-tree-5.0.3.jar:/home/osboxes/.m2/repository/org/ow2/asm/asm-util/5.0.3/asm-util-5.0.3.jar:/home/osboxes/.m2/repository/com/github/jnr/jnr-x86asm/1.0.2/jnr-x86asm-1.0.2.jar:/home/osboxes/.m2/repository/com/github/jnr/jnr-constants/0.9.9/jnr-constants-0.9.9.jar:/home/osboxes/.m2/repository/org/kohsuke/stapler/stapler-groovy/1.258/stapler-groovy-1.258.jar:/home/osboxes/.m2/repository/org/kohsuke/stapler/stapler-jelly/1.258/stapler-jelly-1.258.jar:/home/osboxes/.m2/repository/org/jenkins-ci/commons-jelly/1.1-jenkins-20120928/commons-jelly-1.1-jenkins-20120928.jar:/home/osboxes/.m2/repository/org/dom4j/dom4j/2.1.1/dom4j-2.1.1.jar:/home/osboxes/.m2/repository/org/kohsuke/stapler/stapler-jrebel/1.258/stapler-jrebel-1.258.jar:/home/osboxes/.m2/repository/org/kohsuke/stapler/stapler/1.258/stapler-1.258.jar:/home/osboxes/.m2/repository/javax/annotation/javax.annotation-api/1.2/javax.annotation-api-1.2.jar:/home/osboxes/.m2/repository/commons-discovery/commons-discovery/0.4/commons-discovery-0.4.jar:/home/osboxes/.m2/repository/org/jvnet/tiger-types/2.2/tiger-types-2.2.jar:/home/osboxes/.m2/repository/org/kohsuke/asm5/5.0.1/asm5-5.0.1.jar:/home/osboxes/.m2/repository/org/kohsuke/windows-package-checker/1.2/windows-package-checker-1.2.jar:/home/osboxes/.m2/repository/org/kohsuke/stapler/stapler-adjunct-zeroclipboard/1.3.5-1/stapler-adjunct-zeroclipboard-1.3.5-1.jar:/home/osboxes/.m2/repository/org/kohsuke/stapler/stapler-adjunct-timeline/1.5/stapler-adjunct-timeline-1.5.jar:/home/osboxes/.m2/repository/org/kohsuke/stapler/stapler-adjunct-codemirror/1.3/stapler-adjunct-codemirror-1.3.jar:/home/osboxes/.m2/repository/io/jenkins/stapler/jenkins-stapler-support/1.1/jenkins-stapler-support-1.1.jar:/home/osboxes/.m2/repository/com/infradna/tool/bridge-method-annotation/1.13/bridge-method-annotation-1.13.jar:/home/osboxes/.m2/repository/org/kohsuke/stapler/json-lib/2.4-jenkins-2/json-lib-2.4-jenkins-2.jar:/home/osboxes/.m2/repository/net/sf/ezmorph/ezmorph/1.0.6/ezmorph-1.0.6.jar:/home/osboxes/.m2/repository/commons-httpclient/commons-httpclient/3.1-jenkins-1/commons-httpclient-3.1-jenkins-1.jar:/home/osboxes/.m2/repository/args4j/args4j/2.33/args4j-2.33.jar:/home/osboxes/.m2/repository/org/jenkins-ci/annotation-indexer/1.12/annotation-indexer-1.12.jar:/home/osboxes/.m2/repository/org/jenkins-ci/bytecode-compatibility-transformer/2.0-beta-2/bytecode-compatibility-transformer-2.0-beta-2.jar:/home/osboxes/.m2/repository/org/kohsuke/asm6/6.2/asm6-6.2.jar:/home/osboxes/.m2/repository/org/jenkins-ci/task-reactor/1.5/task-reactor-1.5.jar:/home/osboxes/.m2/repository/org/jvnet/localizer/localizer/1.26/localizer-1.26.jar:/home/osboxes/.m2/repository/antlr/antlr/2.7.6/antlr-2.7.6.jar:/home/osboxes/.m2/repository/org/jvnet/hudson/xstream/1.4.7-jenkins-1/xstream-1.4.7-jenkins-1.jar:/home/osboxes/.m2/repository/xpp3/xpp3/1.1.4c/xpp3-1.1.4c.jar:/home/osboxes/.m2/repository/net/sf/kxml/kxml2/2.3.0/kxml2-2.3.0.jar:/home/osboxes/.m2/repository/org/jfree/jfreechart/1.0.19/jfreechart-1.0.19.jar:/home/osboxes/.m2/repository/org/jfree/jcommon/1.0.23/jcommon-1.0.23.jar:/home/osboxes/.m2/repository/org/apache/ant/ant/1.9.14/ant-1.9.14.jar:/home/osboxes/.m2/repository/org/apache/ant/ant-launcher/1.9.14/ant-launcher-1.9.14.jar:/home/osboxes/.m2/repository/commons-lang/commons-lang/2.6/commons-lang-2.6.jar:/home/osboxes/.m2/repository/commons-digester/commons-digester/2.1/commons-digester-2.1.jar:/home/osboxes/.m2/repository/commons-beanutils/commons-beanutils/1.9.3/commons-beanutils-1.9.3.jar:/home/osboxes/.m2/repository/org/apache/commons/commons-compress/1.19/commons-compress-1.19.jar:/home/osboxes/.m2/repository/javax/mail/mail/1.4.4/mail-1.4.4.jar:/home/osboxes/.m2/repository/org/jvnet/hudson/activation/1.1.1-hudson-1/activation-1.1.1-hudson-1.jar:/home/osboxes/.m2/repository/jaxen/jaxen/1.1-beta-11/jaxen-1.1-beta-11.jar:/home/osboxes/.m2/repository/commons-jelly/commons-jelly-tags-fmt/1.0/commons-jelly-tags-fmt-1.0.jar:/home/osboxes/.m2/repository/commons-jelly/commons-jelly-tags-xml/1.1/commons-jelly-tags-xml-1.1.jar:/home/osboxes/.m2/repository/org/jvnet/hudson/commons-jelly-tags-define/1.0.1-hudson-20071021/commons-jelly-tags-define-1.0.1-hudson-20071021.jar:/home/osboxes/.m2/repository/org/jenkins-ci/commons-jexl/1.1-jenkins-20111212/commons-jexl-1.1-jenkins-20111212.jar:/home/osboxes/.m2/repository/org/acegisecurity/acegi-security/1.0.7/acegi-security-1.0.7.jar:/home/osboxes/.m2/repository/org/springframework/spring-jdbc/1.2.9/spring-jdbc-1.2.9.jar:/home/osboxes/.m2/repository/org/springframework/spring-dao/1.2.9/spring-dao-1.2.9.jar:/home/osboxes/.m2/repository/oro/oro/2.0.8/oro-2.0.8.jar:/home/osboxes/.m2/repository/log4j/log4j/1.2.17/log4j-1.2.17.jar:/home/osboxes/.m2/repository/org/codehaus/groovy/groovy-all/2.4.12/groovy-all-2.4.12.jar:/home/osboxes/.m2/repository/jline/jline/2.12/jline-2.12.jar:/home/osboxes/.m2/repository/org/fusesource/jansi/jansi/1.11/jansi-1.11.jar:/home/osboxes/.m2/repository/org/springframework/spring-webmvc/2.5.6.SEC03/spring-webmvc-2.5.6.SEC03.jar:/home/osboxes/.m2/repository/org/springframework/spring-beans/2.5.6.SEC03/spring-beans-2.5.6.SEC03.jar:/home/osboxes/.m2/repository/org/springframework/spring-context/2.5.6.SEC03/spring-context-2.5.6.SEC03.jar:/home/osboxes/.m2/repository/org/springframework/spring-context-support/2.5.6.SEC03/spring-context-support-2.5.6.SEC03.jar:/home/osboxes/.m2/repository/org/springframework/spring-web/2.5.6.SEC03/spring-web-2.5.6.SEC03.jar:/home/osboxes/.m2/repository/org/springframework/spring-core/2.5.6.SEC03/spring-core-2.5.6.SEC03.jar:/home/osboxes/.m2/repository/org/springframework/spring-aop/2.5.6.SEC03/spring-aop-2.5.6.SEC03.jar:/home/osboxes/.m2/repository/javax/servlet/jsp/jstl/javax.servlet.jsp.jstl-api/1.2.1/javax.servlet.jsp.jstl-api-1.2.1.jar:/home/osboxes/.m2/repository/org/slf4j/jcl-over-slf4j/1.7.26/jcl-over-slf4j-1.7.26.jar:/home/osboxes/.m2/repository/org/slf4j/log4j-over-slf4j/1.7.26/log4j-over-slf4j-1.7.26.jar:/home/osboxes/.m2/repository/com/sun/xml/txw2/txw2/20110809/txw2-20110809.jar:/home/osboxes/.m2/repository/javax/xml/stream/stax-api/1.0-2/stax-api-1.0-2.jar:/home/osboxes/.m2/repository/relaxngDatatype/relaxngDatatype/20020414/relaxngDatatype-20020414.jar:/home/osboxes/.m2/repository/commons-collections/commons-collections/3.2.2/commons-collections-3.2.2.jar:/home/osboxes/.m2/repository/org/jvnet/winp/winp/1.28/winp-1.28.jar:/home/osboxes/.m2/repository/org/jenkins-ci/memory-monitor/1.9/memory-monitor-1.9.jar:/home/osboxes/.m2/repository/org/codehaus/woodstox/wstx-asl/3.2.9/wstx-asl-3.2.9.jar:/home/osboxes/.m2/repository/stax/stax-api/1.0.1/stax-api-1.0.1.jar:/home/osboxes/.m2/repository/org/jmdns/jmdns/3.5.5/jmdns-3.5.5.jar:/home/osboxes/.m2/repository/net/java/dev/jna/jna/5.3.1/jna-5.3.1.jar:/home/osboxes/.m2/repository/org/kohsuke/akuma/1.10/akuma-1.10.jar:/home/osboxes/.m2/repository/org/kohsuke/libpam4j/1.11/libpam4j-1.11.jar:/home/osboxes/.m2/repository/org/kohsuke/libzfs/0.8/libzfs-0.8.jar:/home/osboxes/.m2/repository/com/sun/solaris/embedded_su4j/1.1/embedded_su4j-1.1.jar:/home/osboxes/.m2/repository/net/java/sezpoz/sezpoz/1.13/sezpoz-1.13.jar:/home/osboxes/.m2/repository/org/kohsuke/jinterop/j-interop/2.0.6-kohsuke-1/j-interop-2.0.6-kohsuke-1.jar:/home/osboxes/.m2/repository/org/kohsuke/jinterop/j-interopdeps/2.0.6-kohsuke-1/j-interopdeps-2.0.6-kohsuke-1.jar:/home/osboxes/.m2/repository/org/samba/jcifs/jcifs/1.3.17-kohsuke-1/jcifs-1.3.17-kohsuke-1.jar:/home/osboxes/.m2/repository/org/jvnet/robust-http-client/robust-http-client/1.2/robust-http-client-1.2.jar:/home/osboxes/.m2/repository/org/jenkins-ci/symbol-annotation/1.20/symbol-annotation-1.20.jar:/home/osboxes/.m2/repository/commons-codec/commons-codec/1.12/commons-codec-1.12.jar:/home/osboxes/.m2/repository/commons-fileupload/commons-fileupload/1.3.1-jenkins-2/commons-fileupload-1.3.1-jenkins-2.jar:/home/osboxes/.m2/repository/com/google/guava/guava/11.0.1/guava-11.0.1.jar:/home/osboxes/.m2/repository/com/jcraft/jzlib/1.1.3-kohsuke-1/jzlib-1.1.3-kohsuke-1.jar:/home/osboxes/.m2/repository/org/jenkins-ci/main/jenkins-war/2.204.4/jenkins-war-2.204.4.war:/home/osboxes/.m2/repository/org/jenkins-ci/modules/instance-identity/2.2/instance-identity-2.2.jar:/home/osboxes/.m2/repository/io/github/stephenc/crypto/self-signed-cert-generator/1.0.0/self-signed-cert-generator-1.0.0.jar:/home/osboxes/.m2/repository/org/jenkins-ci/modules/ssh-cli-auth/1.7/ssh-cli-auth-1.7.jar:/home/osboxes/.m2/repository/org/jenkins-ci/modules/slave-installer/1.6/slave-installer-1.6.jar:/home/osboxes/.m2/repository/org/jenkins-ci/modules/windows-slave-installer/1.12/windows-slave-installer-1.12.jar:/home/osboxes/.m2/repository/org/jenkins-ci/modules/launchd-slave-installer/1.2/launchd-slave-installer-1.2.jar:/home/osboxes/.m2/repository/org/jenkins-ci/modules/upstart-slave-installer/1.1/upstart-slave-installer-1.1.jar:/home/osboxes/.m2/repository/org/jenkins-ci/modules/systemd-slave-installer/1.1/systemd-slave-installer-1.1.jar:/home/osboxes/.m2/repository/org/jenkins-ci/modules/sshd/2.6/sshd-2.6.jar:/home/osboxes/.m2/repository/org/apache/sshd/sshd-core/1.7.0/sshd-core-1.7.0.jar:/home/osboxes/.m2/repository/org/jenkins-ci/ui/jquery-detached/1.2.1/jquery-detached-1.2.1-core-assets.jar:/home/osboxes/.m2/repository/org/jenkins-ci/ui/bootstrap/1.3.2/bootstrap-1.3.2-core-assets.jar:/home/osboxes/.m2/repository/org/jenkins-ci/ui/handlebars/1.1.1/handlebars-1.1.1-core-assets.jar:/home/osboxes/.m2/repository/org/slf4j/slf4j-jdk14/1.7.26/slf4j-jdk14-1.7.26.jar:/home/osboxes/.m2/repository/javax/servlet/javax.servlet-api/3.1.0/javax.servlet-api-3.1.0.jar:/home/osboxes/.m2/repository/net/jcip/jcip-annotations/1.0/jcip-annotations-1.0.jar:/home/osboxes/.m2/repository/org/codehaus/mojo/animal-sniffer-annotations/1.18/animal-sniffer-annotations-1.18.jar:/home/osboxes/.m2/repository/commons-logging/commons-logging/1.2/commons-logging-1.2.jar:/home/osboxes/.m2/repository/org/kohsuke/access-modifier-annotation/1.14/access-modifier-annotation-1.14.jar:/home/osboxes/.m2/repository/org/jenkins-ci/main/jenkins-test-harness/2.62/jenkins-test-harness-2.62.jar:/home/osboxes/.m2/repository/org/eclipse/jetty/jetty-webapp/9.4.26.v20200117/jetty-webapp-9.4.26.v20200117.jar:/home/osboxes/.m2/repository/org/eclipse/jetty/jetty-xml/9.4.26.v20200117/jetty-xml-9.4.26.v20200117.jar:/home/osboxes/.m2/repository/org/eclipse/jetty/jetty-util/9.4.26.v20200117/jetty-util-9.4.26.v20200117.jar:/home/osboxes/.m2/repository/org/eclipse/jetty/jetty-servlet/9.4.26.v20200117/jetty-servlet-9.4.26.v20200117.jar:/home/osboxes/.m2/repository/org/eclipse/jetty/jetty-security/9.4.26.v20200117/jetty-security-9.4.26.v20200117.jar:/home/osboxes/.m2/repository/org/eclipse/jetty/jetty-server/9.4.26.v20200117/jetty-server-9.4.26.v20200117.jar:/home/osboxes/.m2/repository/org/eclipse/jetty/jetty-io/9.4.26.v20200117/jetty-io-9.4.26.v20200117.jar:/home/osboxes/.m2/repository/org/eclipse/jetty/websocket/websocket-api/9.4.26.v20200117/websocket-api-9.4.26.v20200117.jar:/home/osboxes/.m2/repository/org/eclipse/jetty/websocket/websocket-server/9.4.26.v20200117/websocket-server-9.4.26.v20200117.jar:/home/osboxes/.m2/repository/org/eclipse/jetty/websocket/websocket-common/9.4.26.v20200117/websocket-common-9.4.26.v20200117.jar:/home/osboxes/.m2/repository/org/eclipse/jetty/websocket/websocket-client/9.4.26.v20200117/websocket-client-9.4.26.v20200117.jar:/home/osboxes/.m2/repository/org/eclipse/jetty/jetty-client/9.4.26.v20200117/jetty-client-9.4.26.v20200117.jar:/home/osboxes/.m2/repository/org/eclipse/jetty/websocket/websocket-servlet/9.4.26.v20200117/websocket-servlet-9.4.26.v20200117.jar:/home/osboxes/.m2/repository/org/eclipse/jetty/jetty-http/9.4.26.v20200117/jetty-http-9.4.26.v20200117.jar:/home/osboxes/.m2/repository/org/hamcrest/hamcrest/2.2/hamcrest-2.2.jar:/home/osboxes/.m2/repository/org/hamcrest/hamcrest-library/2.2/hamcrest-library-2.2.jar:/home/osboxes/.m2/repository/org/jenkins-ci/main/jenkins-test-harness-htmlunit/2.36.0-1/jenkins-test-harness-htmlunit-2.36.0-1.jar:/home/osboxes/.m2/repository/xalan/serializer/2.7.2/serializer-2.7.2.jar:/home/osboxes/.m2/repository/xml-apis/xml-apis/1.4.01/xml-apis-1.4.01.jar:/home/osboxes/.m2/repository/commons-net/commons-net/3.6/commons-net-3.6.jar:/home/osboxes/.m2/repository/org/brotli/dec/0.1.2/dec-0.1.2.jar:/home/osboxes/.m2/repository/org/jvnet/hudson/embedded-rhino-debugger/1.2/embedded-rhino-debugger-1.2.jar:/home/osboxes/.m2/repository/io/jenkins/lib/support-log-formatter/1.0/support-log-formatter-1.0.jar:/home/osboxes/.m2/repository/org/netbeans/modules/org-netbeans-insane/RELEASE111/org-netbeans-insane-RELEASE111.jar:/home/osboxes/.m2/repository/org/openjdk/jmh/jmh-core/1.23/jmh-core-1.23.jar:/home/osboxes/.m2/repository/net/sf/jopt-simple/jopt-simple/4.6/jopt-simple-4.6.jar:/home/osboxes/.m2/repository/org/apache/commons/commons-math3/3.2/commons-math3-3.2.jar:/home/osboxes/.m2/repository/org/openjdk/jmh/jmh-generator-annprocess/1.23/jmh-generator-annprocess-1.23.jar:/home/osboxes/.m2/repository/org/jenkins-ci/test-annotations/1.3/test-annotations-1.3.jar:"/>
    <property name="java.vm.vendor" value="Private Build"/>
    <property name="sun.arch.data.model" value="64"/>
    <property name="java.vendor.url" value="http://java.oracle.com/"/>
    <property name="user.timezone" value="Europe/Berlin"/>
    <property name="java.vm.specification.version" value="1.8"/>
    <property name="os.name" value="Linux"/>
    <property name="user.country" value="US"/>
    <property name="sun.java.launcher" value="SUN_STANDARD"/>
    <property name="sun.boot.library.path" value="/usr/lib/jvm/java-8-openjdk-amd64/jre/lib/amd64"/>
    <property name="sun.java.command" value="/home/osboxes/Documents/Testen/warnings-ng-plugin-devenv/thogro/autograding-plugin/target/surefire/surefirebooter7585764317654752853.jar /home/osboxes/Documents/Testen/warnings-ng-plugin-devenv/thogro/autograding-plugin/target/surefire 2020-04-29T18-49-13_499-jvmRun1 surefire3928553880704518916tmp surefire_06628557757990256020tmp"/>
    <property name="surefire.test.class.path" value="/home/osboxes/Documents/Testen/warnings-ng-plugin-devenv/thogro/autograding-plugin/target/test-classes:/home/osboxes/Documents/Testen/warnings-ng-plugin-devenv/thogro/autograding-plugin/target/classes:/home/osboxes/.m2/repository/io/jenkins/plugins/plugin-util-api/1.2.0/plugin-util-api-1.2.0.jar:/home/osboxes/.m2/repository/edu/hm/hafner/codingstyle/1.1.0/codingstyle-1.1.0.jar:/home/osboxes/.m2/repository/org/apache/commons/commons-lang3/3.10/commons-lang3-3.10.jar:/home/osboxes/.m2/repository/org/jenkins-ci/plugins/junit/1.28/junit-1.28.jar:/home/osboxes/.m2/repository/org/jenkins-ci/plugins/structs/1.20/structs-1.20.jar:/home/osboxes/.m2/repository/org/jenkins-ci/plugins/workflow/workflow-step-api/2.22/workflow-step-api-2.22.jar:/home/osboxes/.m2/repository/org/jenkins-ci/plugins/script-security/1.71/script-security-1.71.jar:/home/osboxes/.m2/repository/org/kohsuke/groovy-sandbox/1.26/groovy-sandbox-1.26.jar:/home/osboxes/.m2/repository/com/github/ben-manes/caffeine/caffeine/2.7.0/caffeine-2.7.0.jar:/home/osboxes/.m2/repository/org/checkerframework/checker-qual/2.6.0/checker-qual-2.6.0.jar:/home/osboxes/.m2/repository/org/jenkins-ci/plugins/pitmutation/1.0-17/pitmutation-1.0-17.jar:/home/osboxes/.m2/repository/org/apache/commons/commons-digester3/3.2/commons-digester3-3.2.jar:/home/osboxes/.m2/repository/cglib/cglib/2.2.2/cglib-2.2.2.jar:/home/osboxes/.m2/repository/asm/asm/3.3.1/asm-3.3.1.jar:/home/osboxes/.m2/repository/io/jenkins/plugins/code-coverage-api/1.1.4/code-coverage-api-1.1.4.jar:/home/osboxes/.m2/repository/org/jenkins-ci/plugins/scm-api/2.6.3/scm-api-2.6.3.jar:/home/osboxes/.m2/repository/org/jenkins-ci/plugins/branch-api/2.5.5/branch-api-2.5.5.jar:/home/osboxes/.m2/repository/org/jenkins-ci/plugins/cloudbees-folder/6.12/cloudbees-folder-6.12.jar:/home/osboxes/.m2/repository/net/sf/trove4j/trove4j/3.0.3/trove4j-3.0.3.jar:/home/osboxes/.m2/repository/net/sf/saxon/Saxon-HE/9.9.1-4/Saxon-HE-9.9.1-4.jar:/home/osboxes/.m2/repository/org/jenkins-ci/plugins/jackson2-api/2.8.11.3/jackson2-api-2.8.11.3.jar:/home/osboxes/.m2/repository/com/fasterxml/jackson/datatype/jackson-datatype-jsr310/2.8.11/jackson-datatype-jsr310-2.8.11.jar:/home/osboxes/.m2/repository/com/fasterxml/jackson/module/jackson-module-jaxb-annotations/2.8.11/jackson-module-jaxb-annotations-2.8.11.jar:/home/osboxes/.m2/repository/io/jenkins/plugins/font-awesome-api/5.12.0-7/font-awesome-api-5.12.0-7.jar:/home/osboxes/.m2/repository/com/j2html/j2html/1.4.0/j2html-1.4.0.jar:/home/osboxes/.m2/repository/io/jenkins/plugins/bootstrap4-api/4.4.1-10/bootstrap4-api-4.4.1-10.jar:/home/osboxes/.m2/repository/io/jenkins/plugins/popper-api/1.16.0-6/popper-api-1.16.0-6.jar:/home/osboxes/.m2/repository/io/jenkins/plugins/jquery3-api/3.4.1-10/jquery3-api-3.4.1-10.jar:/home/osboxes/.m2/repository/io/jenkins/plugins/echarts-api/4.6.0-9/echarts-api-4.6.0-9.jar:/home/osboxes/.m2/repository/edu/hm/hafner/echarts-build-trends/1.1.0/echarts-build-trends-1.1.0.jar:/home/osboxes/.m2/repository/io/jenkins/plugins/data-tables-api/1.10.20-14/data-tables-api-1.10.20-14.jar:/home/osboxes/.m2/repository/com/fasterxml/jackson/core/jackson-databind/2.9.10.3/jackson-databind-2.9.10.3.jar:/home/osboxes/.m2/repository/com/fasterxml/jackson/core/jackson-annotations/2.9.10/jackson-annotations-2.9.10.jar:/home/osboxes/.m2/repository/com/fasterxml/jackson/core/jackson-core/2.9.10/jackson-core-2.9.10.jar:/home/osboxes/.m2/repository/io/jenkins/plugins/warnings-ng/8.1.0/warnings-ng-8.1.0.jar:/home/osboxes/.m2/repository/org/eclipse/collections/eclipse-collections-api/9.2.0/eclipse-collections-api-9.2.0.jar:/home/osboxes/.m2/repository/org/eclipse/collections/eclipse-collections/9.2.0/eclipse-collections-9.2.0.jar:/home/osboxes/.m2/repository/commons-io/commons-io/2.6/commons-io-2.6.jar:/home/osboxes/.m2/repository/org/apache/commons/commons-text/1.8/commons-text-1.8.jar:/home/osboxes/.m2/repository/net/minidev/json-smart/2.3/json-smart-2.3.jar:/home/osboxes/.m2/repository/net/minidev/accessors-smart/1.2/accessors-smart-1.2.jar:/home/osboxes/.m2/repository/net/sourceforge/pmd/pmd-core/6.21.0/pmd-core-6.21.0.jar:/home/osboxes/.m2/repository/org/antlr/antlr4-runtime/4.7/antlr4-runtime-4.7.jar:/home/osboxes/.m2/repository/com/beust/jcommander/1.72/jcommander-1.72.jar:/home/osboxes/.m2/repository/net/java/dev/javacc/javacc/5.0/javacc-5.0.jar:/home/osboxes/.m2/repository/com/google/code/gson/gson/2.8.5/gson-2.8.5.jar:/home/osboxes/.m2/repository/net/sourceforge/pmd/pmd-java/6.21.0/pmd-java-6.21.0.jar:/home/osboxes/.m2/repository/io/jenkins/plugins/analysis-model-api/8.0.1/analysis-model-api-8.0.1.jar:/home/osboxes/.m2/repository/edu/hm/hafner/analysis-model/8.0.1/analysis-model-8.0.1.jar:/home/osboxes/.m2/repository/se/bjurr/violations/violations-lib/1.110/violations-lib-1.110.jar:/home/osboxes/.m2/repository/org/jvnet/hudson/plugins/findbugs/library/6.0.3/library-6.0.3.jar:/home/osboxes/.m2/repository/org/json/json/20190722/json-20190722.jar:/home/osboxes/.m2/repository/org/jenkins-ci/plugins/antisamy-markup-formatter/1.5/antisamy-markup-formatter-1.5.jar:/home/osboxes/.m2/repository/org/kohsuke/owasp-html-sanitizer/r88/owasp-html-sanitizer-r88.jar:/home/osboxes/.m2/repository/org/jenkins-ci/plugins/credentials/2.3.5/credentials-2.3.5.jar:/home/osboxes/.m2/repository/org/jenkins-ci/plugins/apache-httpcomponents-client-4-api/4.5.10-2.0/apache-httpcomponents-client-4-api-4.5.10-2.0.jar:/home/osboxes/.m2/repository/org/apache/httpcomponents/httpclient/4.5.10/httpclient-4.5.10.jar:/home/osboxes/.m2/repository/org/apache/httpcomponents/httpcore/4.4.12/httpcore-4.4.12.jar:/home/osboxes/.m2/repository/org/apache/httpcomponents/httpmime/4.5.10/httpmime-4.5.10.jar:/home/osboxes/.m2/repository/org/apache/httpcomponents/fluent-hc/4.5.10/fluent-hc-4.5.10.jar:/home/osboxes/.m2/repository/org/apache/httpcomponents/httpclient-cache/4.5.10/httpclient-cache-4.5.10.jar:/home/osboxes/.m2/repository/org/apache/httpcomponents/httpasyncclient/4.1.4/httpasyncclient-4.1.4.jar:/home/osboxes/.m2/repository/org/apache/httpcomponents/httpcore-nio/4.4.10/httpcore-nio-4.4.10.jar:/home/osboxes/.m2/repository/org/apache/httpcomponents/httpasyncclient-cache/4.1.4/httpasyncclient-cache-4.1.4.jar:/home/osboxes/.m2/repository/io/jenkins/plugins/forensics-api/0.7.0/forensics-api-0.7.0.jar:/home/osboxes/.m2/repository/org/jenkins-ci/plugins/workflow/workflow-api/2.40/workflow-api-2.40.jar:/home/osboxes/.m2/repository/org/jenkins-ci/plugins/workflow/workflow-cps/2.80/workflow-cps-2.80.jar:/home/osboxes/.m2/repository/org/jenkins-ci/plugins/workflow/workflow-support/3.4/workflow-support-3.4.jar:/home/osboxes/.m2/repository/org/jboss/marshalling/jboss-marshalling-river/2.0.6.Final/jboss-marshalling-river-2.0.6.Final.jar:/home/osboxes/.m2/repository/org/jboss/marshalling/jboss-marshalling/2.0.6.Final/jboss-marshalling-2.0.6.Final.jar:/home/osboxes/.m2/repository/org/jenkins-ci/plugins/workflow/workflow-scm-step/2.9/workflow-scm-step-2.9.jar:/home/osboxes/.m2/repository/com/cloudbees/groovy-cps/1.32/groovy-cps-1.32.jar:/home/osboxes/.m2/repository/org/jenkins-ci/ui/jquery-detached/1.2.1/jquery-detached-1.2.1.jar:/home/osboxes/.m2/repository/org/jenkins-ci/ui/ace-editor/1.1/ace-editor-1.1.jar:/home/osboxes/.m2/repository/com/cloudbees/diff4j/1.2/diff4j-1.2.jar:/home/osboxes/.m2/repository/org/jenkins-ci/plugins/workflow/workflow-job/2.38/workflow-job-2.38.jar:/home/osboxes/.m2/repository/org/jenkins-ci/plugins/pipeline-stage-step/2.3/pipeline-stage-step-2.3.jar:/home/osboxes/.m2/repository/org/jenkins-ci/plugins/workflow/workflow-durable-task-step/2.35/workflow-durable-task-step-2.35.jar:/home/osboxes/.m2/repository/org/jenkins-ci/plugins/durable-task/1.34/durable-task-1.34.jar:/home/osboxes/.m2/repository/org/jenkins-ci/plugins/workflow/workflow-basic-steps/2.19/workflow-basic-steps-2.19.jar:/home/osboxes/.m2/repository/org/jenkins-ci/plugins/mailer/1.32/mailer-1.32.jar:/home/osboxes/.m2/repository/org/jenkins-ci/plugins/display-url-api/2.3.2/display-url-api-2.3.2.jar:/home/osboxes/.m2/repository/io/jenkins/plugins/plugin-util-api/1.2.0/plugin-util-api-1.2.0-tests.jar:/home/osboxes/.m2/repository/com/github/spotbugs/spotbugs-annotations/4.0.2/spotbugs-annotations-4.0.2.jar:/home/osboxes/.m2/repository/com/google/code/findbugs/jsr305/3.0.2/jsr305-3.0.2.jar:/home/osboxes/.m2/repository/com/google/errorprone/error_prone_annotations/2.3.4/error_prone_annotations-2.3.4.jar:/home/osboxes/.m2/repository/org/junit/jupiter/junit-jupiter-api/5.6.2/junit-jupiter-api-5.6.2.jar:/home/osboxes/.m2/repository/org/apiguardian/apiguardian-api/1.1.0/apiguardian-api-1.1.0.jar:/home/osboxes/.m2/repository/org/opentest4j/opentest4j/1.2.0/opentest4j-1.2.0.jar:/home/osboxes/.m2/repository/org/junit/platform/junit-platform-commons/1.6.2/junit-platform-commons-1.6.2.jar:/home/osboxes/.m2/repository/org/junit/jupiter/junit-jupiter-engine/5.6.2/junit-jupiter-engine-5.6.2.jar:/home/osboxes/.m2/repository/org/junit/platform/junit-platform-engine/1.6.2/junit-platform-engine-1.6.2.jar:/home/osboxes/.m2/repository/org/junit/vintage/junit-vintage-engine/5.6.2/junit-vintage-engine-5.6.2.jar:/home/osboxes/.m2/repository/org/junit/platform/junit-platform-launcher/1.6.2/junit-platform-launcher-1.6.2.jar:/home/osboxes/.m2/repository/org/junit/jupiter/junit-jupiter-params/5.6.2/junit-jupiter-params-5.6.2.jar:/home/osboxes/.m2/repository/junit/junit/4.13/junit-4.13.jar:/home/osboxes/.m2/repository/org/hamcrest/hamcrest-core/2.2/hamcrest-core-2.2.jar:/home/osboxes/.m2/repository/org/mockito/mockito-core/3.3.3/mockito-core-3.3.3.jar:/home/osboxes/.m2/repository/net/bytebuddy/byte-buddy/1.10.5/byte-buddy-1.10.5.jar:/home/osboxes/.m2/repository/net/bytebuddy/byte-buddy-agent/1.10.5/byte-buddy-agent-1.10.5.jar:/home/osboxes/.m2/repository/org/objenesis/objenesis/3.1/objenesis-3.1.jar:/home/osboxes/.m2/repository/org/assertj/assertj-core/3.15.0/assertj-core-3.15.0.jar:/home/osboxes/.m2/repository/com/tngtech/archunit/archunit-junit5-api/0.13.1/archunit-junit5-api-0.13.1.jar:/home/osboxes/.m2/repository/com/tngtech/archunit/archunit/0.13.1/archunit-0.13.1.jar:/home/osboxes/.m2/repository/org/slf4j/slf4j-api/1.7.30/slf4j-api-1.7.30.jar:/home/osboxes/.m2/repository/com/tngtech/archunit/archunit-junit5-engine/0.13.1/archunit-junit5-engine-0.13.1.jar:/home/osboxes/.m2/repository/com/tngtech/archunit/archunit-junit5-engine-api/0.13.1/archunit-junit5-engine-api-0.13.1.jar:/home/osboxes/.m2/repository/net/javacrumbs/json-unit/json-unit-assertj/2.17.0/json-unit-assertj-2.17.0.jar:/home/osboxes/.m2/repository/net/javacrumbs/json-unit/json-unit-core/2.17.0/json-unit-core-2.17.0.jar:/home/osboxes/.m2/repository/net/javacrumbs/json-unit/json-unit-json-path/2.17.0/json-unit-json-path-2.17.0.jar:/home/osboxes/.m2/repository/com/jayway/jsonpath/json-path/2.4.0/json-path-2.4.0.jar:/home/osboxes/.m2/repository/org/jenkins-ci/main/jenkins-core/2.204.4/jenkins-core-2.204.4.jar:/home/osboxes/.m2/repository/org/jenkins-ci/plugins/icon-shim/icon-set/1.0.5/icon-set-1.0.5.jar:/home/osboxes/.m2/repository/org/jenkins-ci/main/remoting/3.36.1/remoting-3.36.1.jar:/home/osboxes/.m2/repository/org/jenkins-ci/constant-pool-scanner/1.2/constant-pool-scanner-1.2.jar:/home/osboxes/.m2/repository/org/jenkins-ci/main/cli/2.204.4/cli-2.204.4.jar:/home/osboxes/.m2/repository/net/i2p/crypto/eddsa/0.3.0/eddsa-0.3.0.jar:/home/osboxes/.m2/repository/org/jenkins-ci/version-number/1.6/version-number-1.6.jar:/home/osboxes/.m2/repository/com/google/code/findbugs/annotations/3.0.0/annotations-3.0.0.jar:/home/osboxes/.m2/repository/org/jenkins-ci/crypto-util/1.1/crypto-util-1.1.jar:/home/osboxes/.m2/repository/org/jvnet/hudson/jtidy/4aug2000r7-dev-hudson-1/jtidy-4aug2000r7-dev-hudson-1.jar:/home/osboxes/.m2/repository/com/google/inject/guice/4.0/guice-4.0.jar:/home/osboxes/.m2/repository/javax/inject/javax.inject/1/javax.inject-1.jar:/home/osboxes/.m2/repository/aopalliance/aopalliance/1.0/aopalliance-1.0.jar:/home/osboxes/.m2/repository/org/connectbot/jbcrypt/jbcrypt/1.0.0/jbcrypt-1.0.0.jar:/home/osboxes/.m2/repository/org/jruby/ext/posix/jna-posix/1.0.3-jenkins-1/jna-posix-1.0.3-jenkins-1.jar:/home/osboxes/.m2/repository/com/github/jnr/jnr-posix/3.0.45/jnr-posix-3.0.45.jar:/home/osboxes/.m2/repository/com/github/jnr/jnr-ffi/2.1.8/jnr-ffi-2.1.8.jar:/home/osboxes/.m2/repository/com/github/jnr/jffi/1.2.17/jffi-1.2.17.jar:/home/osboxes/.m2/repository/com/github/jnr/jffi/1.2.16/jffi-1.2.16-native.jar:/home/osboxes/.m2/repository/org/ow2/asm/asm/5.0.4/asm-5.0.4.jar:/home/osboxes/.m2/repository/org/ow2/asm/asm-commons/5.0.3/asm-commons-5.0.3.jar:/home/osboxes/.m2/repository/org/ow2/asm/asm-analysis/5.0.3/asm-analysis-5.0.3.jar:/home/osboxes/.m2/repository/org/ow2/asm/asm-tree/5.0.3/asm-tree-5.0.3.jar:/home/osboxes/.m2/repository/org/ow2/asm/asm-util/5.0.3/asm-util-5.0.3.jar:/home/osboxes/.m2/repository/com/github/jnr/jnr-x86asm/1.0.2/jnr-x86asm-1.0.2.jar:/home/osboxes/.m2/repository/com/github/jnr/jnr-constants/0.9.9/jnr-constants-0.9.9.jar:/home/osboxes/.m2/repository/org/kohsuke/stapler/stapler-groovy/1.258/stapler-groovy-1.258.jar:/home/osboxes/.m2/repository/org/kohsuke/stapler/stapler-jelly/1.258/stapler-jelly-1.258.jar:/home/osboxes/.m2/repository/org/jenkins-ci/commons-jelly/1.1-jenkins-20120928/commons-jelly-1.1-jenkins-20120928.jar:/home/osboxes/.m2/repository/org/dom4j/dom4j/2.1.1/dom4j-2.1.1.jar:/home/osboxes/.m2/repository/org/kohsuke/stapler/stapler-jrebel/1.258/stapler-jrebel-1.258.jar:/home/osboxes/.m2/repository/org/kohsuke/stapler/stapler/1.258/stapler-1.258.jar:/home/osboxes/.m2/repository/javax/annotation/javax.annotation-api/1.2/javax.annotation-api-1.2.jar:/home/osboxes/.m2/repository/commons-discovery/commons-discovery/0.4/commons-discovery-0.4.jar:/home/osboxes/.m2/repository/org/jvnet/tiger-types/2.2/tiger-types-2.2.jar:/home/osboxes/.m2/repository/org/kohsuke/asm5/5.0.1/asm5-5.0.1.jar:/home/osboxes/.m2/repository/org/kohsuke/windows-package-checker/1.2/windows-package-checker-1.2.jar:/home/osboxes/.m2/repository/org/kohsuke/stapler/stapler-adjunct-zeroclipboard/1.3.5-1/stapler-adjunct-zeroclipboard-1.3.5-1.jar:/home/osboxes/.m2/repository/org/kohsuke/stapler/stapler-adjunct-timeline/1.5/stapler-adjunct-timeline-1.5.jar:/home/osboxes/.m2/repository/org/kohsuke/stapler/stapler-adjunct-codemirror/1.3/stapler-adjunct-codemirror-1.3.jar:/home/osboxes/.m2/repository/io/jenkins/stapler/jenkins-stapler-support/1.1/jenkins-stapler-support-1.1.jar:/home/osboxes/.m2/repository/com/infradna/tool/bridge-method-annotation/1.13/bridge-method-annotation-1.13.jar:/home/osboxes/.m2/repository/org/kohsuke/stapler/json-lib/2.4-jenkins-2/json-lib-2.4-jenkins-2.jar:/home/osboxes/.m2/repository/net/sf/ezmorph/ezmorph/1.0.6/ezmorph-1.0.6.jar:/home/osboxes/.m2/repository/commons-httpclient/commons-httpclient/3.1-jenkins-1/commons-httpclient-3.1-jenkins-1.jar:/home/osboxes/.m2/repository/args4j/args4j/2.33/args4j-2.33.jar:/home/osboxes/.m2/repository/org/jenkins-ci/annotation-indexer/1.12/annotation-indexer-1.12.jar:/home/osboxes/.m2/repository/org/jenkins-ci/bytecode-compatibility-transformer/2.0-beta-2/bytecode-compatibility-transformer-2.0-beta-2.jar:/home/osboxes/.m2/repository/org/kohsuke/asm6/6.2/asm6-6.2.jar:/home/osboxes/.m2/repository/org/jenkins-ci/task-reactor/1.5/task-reactor-1.5.jar:/home/osboxes/.m2/repository/org/jvnet/localizer/localizer/1.26/localizer-1.26.jar:/home/osboxes/.m2/repository/antlr/antlr/2.7.6/antlr-2.7.6.jar:/home/osboxes/.m2/repository/org/jvnet/hudson/xstream/1.4.7-jenkins-1/xstream-1.4.7-jenkins-1.jar:/home/osboxes/.m2/repository/xpp3/xpp3/1.1.4c/xpp3-1.1.4c.jar:/home/osboxes/.m2/repository/net/sf/kxml/kxml2/2.3.0/kxml2-2.3.0.jar:/home/osboxes/.m2/repository/org/jfree/jfreechart/1.0.19/jfreechart-1.0.19.jar:/home/osboxes/.m2/repository/org/jfree/jcommon/1.0.23/jcommon-1.0.23.jar:/home/osboxes/.m2/repository/org/apache/ant/ant/1.9.14/ant-1.9.14.jar:/home/osboxes/.m2/repository/org/apache/ant/ant-launcher/1.9.14/ant-launcher-1.9.14.jar:/home/osboxes/.m2/repository/commons-lang/commons-lang/2.6/commons-lang-2.6.jar:/home/osboxes/.m2/repository/commons-digester/commons-digester/2.1/commons-digester-2.1.jar:/home/osboxes/.m2/repository/commons-beanutils/commons-beanutils/1.9.3/commons-beanutils-1.9.3.jar:/home/osboxes/.m2/repository/org/apache/commons/commons-compress/1.19/commons-compress-1.19.jar:/home/osboxes/.m2/repository/javax/mail/mail/1.4.4/mail-1.4.4.jar:/home/osboxes/.m2/repository/org/jvnet/hudson/activation/1.1.1-hudson-1/activation-1.1.1-hudson-1.jar:/home/osboxes/.m2/repository/jaxen/jaxen/1.1-beta-11/jaxen-1.1-beta-11.jar:/home/osboxes/.m2/repository/commons-jelly/commons-jelly-tags-fmt/1.0/commons-jelly-tags-fmt-1.0.jar:/home/osboxes/.m2/repository/commons-jelly/commons-jelly-tags-xml/1.1/commons-jelly-tags-xml-1.1.jar:/home/osboxes/.m2/repository/org/jvnet/hudson/commons-jelly-tags-define/1.0.1-hudson-20071021/commons-jelly-tags-define-1.0.1-hudson-20071021.jar:/home/osboxes/.m2/repository/org/jenkins-ci/commons-jexl/1.1-jenkins-20111212/commons-jexl-1.1-jenkins-20111212.jar:/home/osboxes/.m2/repository/org/acegisecurity/acegi-security/1.0.7/acegi-security-1.0.7.jar:/home/osboxes/.m2/repository/org/springframework/spring-jdbc/1.2.9/spring-jdbc-1.2.9.jar:/home/osboxes/.m2/repository/org/springframework/spring-dao/1.2.9/spring-dao-1.2.9.jar:/home/osboxes/.m2/repository/oro/oro/2.0.8/oro-2.0.8.jar:/home/osboxes/.m2/repository/log4j/log4j/1.2.17/log4j-1.2.17.jar:/home/osboxes/.m2/repository/org/codehaus/groovy/groovy-all/2.4.12/groovy-all-2.4.12.jar:/home/osboxes/.m2/repository/jline/jline/2.12/jline-2.12.jar:/home/osboxes/.m2/repository/org/fusesource/jansi/jansi/1.11/jansi-1.11.jar:/home/osboxes/.m2/repository/org/springframework/spring-webmvc/2.5.6.SEC03/spring-webmvc-2.5.6.SEC03.jar:/home/osboxes/.m2/repository/org/springframework/spring-beans/2.5.6.SEC03/spring-beans-2.5.6.SEC03.jar:/home/osboxes/.m2/repository/org/springframework/spring-context/2.5.6.SEC03/spring-context-2.5.6.SEC03.jar:/home/osboxes/.m2/repository/org/springframework/spring-context-support/2.5.6.SEC03/spring-context-support-2.5.6.SEC03.jar:/home/osboxes/.m2/repository/org/springframework/spring-web/2.5.6.SEC03/spring-web-2.5.6.SEC03.jar:/home/osboxes/.m2/repository/org/springframework/spring-core/2.5.6.SEC03/spring-core-2.5.6.SEC03.jar:/home/osboxes/.m2/repository/org/springframework/spring-aop/2.5.6.SEC03/spring-aop-2.5.6.SEC03.jar:/home/osboxes/.m2/repository/javax/servlet/jsp/jstl/javax.servlet.jsp.jstl-api/1.2.1/javax.servlet.jsp.jstl-api-1.2.1.jar:/home/osboxes/.m2/repository/org/slf4j/jcl-over-slf4j/1.7.26/jcl-over-slf4j-1.7.26.jar:/home/osboxes/.m2/repository/org/slf4j/log4j-over-slf4j/1.7.26/log4j-over-slf4j-1.7.26.jar:/home/osboxes/.m2/repository/com/sun/xml/txw2/txw2/20110809/txw2-20110809.jar:/home/osboxes/.m2/repository/javax/xml/stream/stax-api/1.0-2/stax-api-1.0-2.jar:/home/osboxes/.m2/repository/relaxngDatatype/relaxngDatatype/20020414/relaxngDatatype-20020414.jar:/home/osboxes/.m2/repository/commons-collections/commons-collections/3.2.2/commons-collections-3.2.2.jar:/home/osboxes/.m2/repository/org/jvnet/winp/winp/1.28/winp-1.28.jar:/home/osboxes/.m2/repository/org/jenkins-ci/memory-monitor/1.9/memory-monitor-1.9.jar:/home/osboxes/.m2/repository/org/codehaus/woodstox/wstx-asl/3.2.9/wstx-asl-3.2.9.jar:/home/osboxes/.m2/repository/stax/stax-api/1.0.1/stax-api-1.0.1.jar:/home/osboxes/.m2/repository/org/jmdns/jmdns/3.5.5/jmdns-3.5.5.jar:/home/osboxes/.m2/repository/net/java/dev/jna/jna/5.3.1/jna-5.3.1.jar:/home/osboxes/.m2/repository/org/kohsuke/akuma/1.10/akuma-1.10.jar:/home/osboxes/.m2/repository/org/kohsuke/libpam4j/1.11/libpam4j-1.11.jar:/home/osboxes/.m2/repository/org/kohsuke/libzfs/0.8/libzfs-0.8.jar:/home/osboxes/.m2/repository/com/sun/solaris/embedded_su4j/1.1/embedded_su4j-1.1.jar:/home/osboxes/.m2/repository/net/java/sezpoz/sezpoz/1.13/sezpoz-1.13.jar:/home/osboxes/.m2/repository/org/kohsuke/jinterop/j-interop/2.0.6-kohsuke-1/j-interop-2.0.6-kohsuke-1.jar:/home/osboxes/.m2/repository/org/kohsuke/jinterop/j-interopdeps/2.0.6-kohsuke-1/j-interopdeps-2.0.6-kohsuke-1.jar:/home/osboxes/.m2/repository/org/samba/jcifs/jcifs/1.3.17-kohsuke-1/jcifs-1.3.17-kohsuke-1.jar:/home/osboxes/.m2/repository/org/jvnet/robust-http-client/robust-http-client/1.2/robust-http-client-1.2.jar:/home/osboxes/.m2/repository/org/jenkins-ci/symbol-annotation/1.20/symbol-annotation-1.20.jar:/home/osboxes/.m2/repository/commons-codec/commons-codec/1.12/commons-codec-1.12.jar:/home/osboxes/.m2/repository/commons-fileupload/commons-fileupload/1.3.1-jenkins-2/commons-fileupload-1.3.1-jenkins-2.jar:/home/osboxes/.m2/repository/com/google/guava/guava/11.0.1/guava-11.0.1.jar:/home/osboxes/.m2/repository/com/jcraft/jzlib/1.1.3-kohsuke-1/jzlib-1.1.3-kohsuke-1.jar:/home/osboxes/.m2/repository/org/jenkins-ci/main/jenkins-war/2.204.4/jenkins-war-2.204.4.war:/home/osboxes/.m2/repository/org/jenkins-ci/modules/instance-identity/2.2/instance-identity-2.2.jar:/home/osboxes/.m2/repository/io/github/stephenc/crypto/self-signed-cert-generator/1.0.0/self-signed-cert-generator-1.0.0.jar:/home/osboxes/.m2/repository/org/jenkins-ci/modules/ssh-cli-auth/1.7/ssh-cli-auth-1.7.jar:/home/osboxes/.m2/repository/org/jenkins-ci/modules/slave-installer/1.6/slave-installer-1.6.jar:/home/osboxes/.m2/repository/org/jenkins-ci/modules/windows-slave-installer/1.12/windows-slave-installer-1.12.jar:/home/osboxes/.m2/repository/org/jenkins-ci/modules/launchd-slave-installer/1.2/launchd-slave-installer-1.2.jar:/home/osboxes/.m2/repository/org/jenkins-ci/modules/upstart-slave-installer/1.1/upstart-slave-installer-1.1.jar:/home/osboxes/.m2/repository/org/jenkins-ci/modules/systemd-slave-installer/1.1/systemd-slave-installer-1.1.jar:/home/osboxes/.m2/repository/org/jenkins-ci/modules/sshd/2.6/sshd-2.6.jar:/home/osboxes/.m2/repository/org/apache/sshd/sshd-core/1.7.0/sshd-core-1.7.0.jar:/home/osboxes/.m2/repository/org/jenkins-ci/ui/jquery-detached/1.2.1/jquery-detached-1.2.1-core-assets.jar:/home/osboxes/.m2/repository/org/jenkins-ci/ui/bootstrap/1.3.2/bootstrap-1.3.2-core-assets.jar:/home/osboxes/.m2/repository/org/jenkins-ci/ui/handlebars/1.1.1/handlebars-1.1.1-core-assets.jar:/home/osboxes/.m2/repository/org/slf4j/slf4j-jdk14/1.7.26/slf4j-jdk14-1.7.26.jar:/home/osboxes/.m2/repository/javax/servlet/javax.servlet-api/3.1.0/javax.servlet-api-3.1.0.jar:/home/osboxes/.m2/repository/net/jcip/jcip-annotations/1.0/jcip-annotations-1.0.jar:/home/osboxes/.m2/repository/org/codehaus/mojo/animal-sniffer-annotations/1.18/animal-sniffer-annotations-1.18.jar:/home/osboxes/.m2/repository/commons-logging/commons-logging/1.2/commons-logging-1.2.jar:/home/osboxes/.m2/repository/org/kohsuke/access-modifier-annotation/1.14/access-modifier-annotation-1.14.jar:/home/osboxes/.m2/repository/org/jenkins-ci/main/jenkins-test-harness/2.62/jenkins-test-harness-2.62.jar:/home/osboxes/.m2/repository/org/eclipse/jetty/jetty-webapp/9.4.26.v20200117/jetty-webapp-9.4.26.v20200117.jar:/home/osboxes/.m2/repository/org/eclipse/jetty/jetty-xml/9.4.26.v20200117/jetty-xml-9.4.26.v20200117.jar:/home/osboxes/.m2/repository/org/eclipse/jetty/jetty-util/9.4.26.v20200117/jetty-util-9.4.26.v20200117.jar:/home/osboxes/.m2/repository/org/eclipse/jetty/jetty-servlet/9.4.26.v20200117/jetty-servlet-9.4.26.v20200117.jar:/home/osboxes/.m2/repository/org/eclipse/jetty/jetty-security/9.4.26.v20200117/jetty-security-9.4.26.v20200117.jar:/home/osboxes/.m2/repository/org/eclipse/jetty/jetty-server/9.4.26.v20200117/jetty-server-9.4.26.v20200117.jar:/home/osboxes/.m2/repository/org/eclipse/jetty/jetty-io/9.4.26.v20200117/jetty-io-9.4.26.v20200117.jar:/home/osboxes/.m2/repository/org/eclipse/jetty/websocket/websocket-api/9.4.26.v20200117/websocket-api-9.4.26.v20200117.jar:/home/osboxes/.m2/repository/org/eclipse/jetty/websocket/websocket-server/9.4.26.v20200117/websocket-server-9.4.26.v20200117.jar:/home/osboxes/.m2/repository/org/eclipse/jetty/websocket/websocket-common/9.4.26.v20200117/websocket-common-9.4.26.v20200117.jar:/home/osboxes/.m2/repository/org/eclipse/jetty/websocket/websocket-client/9.4.26.v20200117/websocket-client-9.4.26.v20200117.jar:/home/osboxes/.m2/repository/org/eclipse/jetty/jetty-client/9.4.26.v20200117/jetty-client-9.4.26.v20200117.jar:/home/osboxes/.m2/repository/org/eclipse/jetty/websocket/websocket-servlet/9.4.26.v20200117/websocket-servlet-9.4.26.v20200117.jar:/home/osboxes/.m2/repository/org/eclipse/jetty/jetty-http/9.4.26.v20200117/jetty-http-9.4.26.v20200117.jar:/home/osboxes/.m2/repository/org/hamcrest/hamcrest/2.2/hamcrest-2.2.jar:/home/osboxes/.m2/repository/org/hamcrest/hamcrest-library/2.2/hamcrest-library-2.2.jar:/home/osboxes/.m2/repository/org/jenkins-ci/main/jenkins-test-harness-htmlunit/2.36.0-1/jenkins-test-harness-htmlunit-2.36.0-1.jar:/home/osboxes/.m2/repository/xalan/serializer/2.7.2/serializer-2.7.2.jar:/home/osboxes/.m2/repository/xml-apis/xml-apis/1.4.01/xml-apis-1.4.01.jar:/home/osboxes/.m2/repository/commons-net/commons-net/3.6/commons-net-3.6.jar:/home/osboxes/.m2/repository/org/brotli/dec/0.1.2/dec-0.1.2.jar:/home/osboxes/.m2/repository/org/jvnet/hudson/embedded-rhino-debugger/1.2/embedded-rhino-debugger-1.2.jar:/home/osboxes/.m2/repository/io/jenkins/lib/support-log-formatter/1.0/support-log-formatter-1.0.jar:/home/osboxes/.m2/repository/org/netbeans/modules/org-netbeans-insane/RELEASE111/org-netbeans-insane-RELEASE111.jar:/home/osboxes/.m2/repository/org/openjdk/jmh/jmh-core/1.23/jmh-core-1.23.jar:/home/osboxes/.m2/repository/net/sf/jopt-simple/jopt-simple/4.6/jopt-simple-4.6.jar:/home/osboxes/.m2/repository/org/apache/commons/commons-math3/3.2/commons-math3-3.2.jar:/home/osboxes/.m2/repository/org/openjdk/jmh/jmh-generator-annprocess/1.23/jmh-generator-annprocess-1.23.jar:/home/osboxes/.m2/repository/org/jenkins-ci/test-annotations/1.3/test-annotations-1.3.jar:"/>
    <property name="sun.cpu.endian" value="little"/>
    <property name="user.home" value="/home/osboxes"/>
    <property name="user.language" value="en"/>
    <property name="java.specification.vendor" value="Oracle Corporation"/>
    <property name="java.home" value="/usr/lib/jvm/java-8-openjdk-amd64/jre"/>
    <property name="basedir" value="/home/osboxes/Documents/Testen/warnings-ng-plugin-devenv/thogro/autograding-plugin"/>
    <property name="file.separator" value="/"/>
    <property name="line.separator" value="&#10;"/>
    <property name="java.vm.specification.vendor" value="Oracle Corporation"/>
    <property name="java.specification.name" value="Java Platform API Specification"/>
    <property name="java.awt.graphicsenv" value="sun.awt.X11GraphicsEnvironment"/>
    <property name="java.awt.headless" value="true"/>
    <property name="surefire.real.class.path" value="/home/osboxes/Documents/Testen/warnings-ng-plugin-devenv/thogro/autograding-plugin/target/surefire/surefirebooter7585764317654752853.jar:/home/osboxes/.m2/repository/org/jacoco/org.jacoco.agent/0.8.5/org.jacoco.agent-0.8.5-runtime.jar"/>
    <property name="sun.boot.class.path" value="/usr/lib/jvm/java-8-openjdk-amd64/jre/lib/resources.jar:/usr/lib/jvm/java-8-openjdk-amd64/jre/lib/rt.jar:/usr/lib/jvm/java-8-openjdk-amd64/jre/lib/sunrsasign.jar:/usr/lib/jvm/java-8-openjdk-amd64/jre/lib/jsse.jar:/usr/lib/jvm/java-8-openjdk-amd64/jre/lib/jce.jar:/usr/lib/jvm/java-8-openjdk-amd64/jre/lib/charsets.jar:/usr/lib/jvm/java-8-openjdk-amd64/jre/lib/jfr.jar:/usr/lib/jvm/java-8-openjdk-amd64/jre/classes"/>
    <property name="sun.management.compiler" value="HotSpot 64-Bit Tiered Compilers"/>
    <property name="java.runtime.version" value="1.8.0_252-8u252-b09-1~18.04-b09"/>
    <property name="user.name" value="osboxes"/>
    <property name="path.separator" value=":"/>
    <property name="os.version" value="4.15.0-96-generic"/>
    <property name="java.endorsed.dirs" value="/usr/lib/jvm/java-8-openjdk-amd64/jre/lib/endorsed"/>
    <property name="java.runtime.name" value="OpenJDK Runtime Environment"/>
    <property name="file.encoding" value="UTF-8"/>
    <property name="java.vm.name" value="OpenJDK 64-Bit Server VM"/>
    <property name="localRepository" value="/home/osboxes/.m2/repository"/>
    <property name="java.vendor.url.bug" value="http://bugreport.sun.com/bugreport/"/>
    <property name="java.io.tmpdir" value="/home/osboxes/Documents/Testen/warnings-ng-plugin-devenv/thogro/autograding-plugin/target/tmp"/>
    <property name="java.version" value="1.8.0_252"/>
    <property name="user.dir" value="/home/osboxes/Documents/Testen/warnings-ng-plugin-devenv/thogro/autograding-plugin"/>
    <property name="os.arch" value="amd64"/>
    <property name="java.vm.specification.name" value="Java Virtual Machine Specification"/>
    <property name="java.awt.printerjob" value="sun.print.PSPrinterJob"/>
    <property name="sun.os.patch.level" value="unknown"/>
    <property name="java.library.path" value="/usr/java/packages/lib/amd64:/usr/lib/x86_64-linux-gnu/jni:/lib/x86_64-linux-gnu:/usr/lib/x86_64-linux-gnu:/usr/lib/jni:/lib:/usr/lib"/>
    <property name="java.vm.info" value="mixed mode"/>
    <property name="java.vendor" value="Private Build"/>
    <property name="java.vm.version" value="25.252-b09"/>
    <property name="java.ext.dirs" value="/usr/lib/jvm/java-8-openjdk-amd64/jre/lib/ext:/usr/java/packages/lib/ext"/>
    <property name="sun.io.unicode.encoding" value="UnicodeLittle"/>
    <property name="java.class.version" value="52.0"/>
  </properties>
  <testcase name="shouldBeSerializable" classname="io.jenkins.plugins.grading.AggregatedScoreXmlStreamTest" time="12.306"/>
  <testcase name="shouldReadVersion1Serialization" classname="io.jenkins.plugins.grading.AggregatedScoreXmlStreamTest" time="0.133"/>
</testsuite>
